0 info it worked if it ends with ok
1 verbose cli [ '/usr/local/Cellar/node/0.8.19/bin/node',
1 verbose cli   '/usr/local/bin/npm',
1 verbose cli   'start' ]
2 info using npm@1.2.10
3 info using node@v0.8.19
4 verbose read json /Users/imm/local/gorillaz/package.json
5 error Failed to parse json
5 error Unexpected string
6 error File: /Users/imm/local/gorillaz/package.json
7 error Failed to parse package.json data.
7 error package.json must be actual JSON, not just JavaScript.
7 error
7 error This is not a bug in npm.
7 error Tell the package author to fix their package.json file. JSON.parse
8 error System Darwin 12.3.0
9 error command "/usr/local/Cellar/node/0.8.19/bin/node" "/usr/local/bin/npm" "start"
10 error cwd /Users/imm/local/gorillaz
11 error node -v v0.8.19
12 error npm -v 1.2.10
13 error file /Users/imm/local/gorillaz/package.json
14 error code EJSONPARSE
15 verbose exit [ 1, true ]
